TN:
SF:helpers/helpers.js
FN:3,Object.<anonymous>.module.exports.readDataFromFile
FN:22,Object.<anonymous>.module.exports.calcAccountRevenue
FN:41,Object.<anonymous>.module.exports.calcAccountExpenses
FN:64,Object.<anonymous>.module.exports.calcGrossProfitMargin
FN:86,Object.<anonymous>.module.exports.calcNetProfitMargin
FN:97,Object.<anonymous>.module.exports.calcWorkingCapitalRatio
FN:118,calcAssets
FN:156,calcLiabilities
FN:180,Object.<anonymous>.module.exports.formatCurrency
FNF:9
FNH:9
FNDA:6,Object.<anonymous>.module.exports.readDataFromFile
FNDA:3,Object.<anonymous>.module.exports.calcAccountRevenue
FNDA:2,Object.<anonymous>.module.exports.calcAccountExpenses
FNDA:1,Object.<anonymous>.module.exports.calcGrossProfitMargin
FNDA:1,Object.<anonymous>.module.exports.calcNetProfitMargin
FNDA:1,Object.<anonymous>.module.exports.calcWorkingCapitalRatio
FNDA:1,calcAssets
FNDA:1,calcLiabilities
FNDA:1,Object.<anonymous>.module.exports.formatCurrency
DA:1,1
DA:2,1
DA:3,1
DA:4,6
DA:5,6
DA:6,6
DA:7,6
DA:8,6
DA:9,6
DA:10,0
DA:11,0
DA:12,6
DA:13,6
DA:14,1
DA:15,1
DA:16,1
DA:17,1
DA:18,1
DA:19,1
DA:20,1
DA:21,1
DA:22,1
DA:23,3
DA:24,3
DA:25,3
DA:26,3
DA:27,3
DA:28,3
DA:29,3
DA:30,3
DA:31,3
DA:32,3
DA:33,3
DA:34,1
DA:35,1
DA:36,1
DA:37,1
DA:38,1
DA:39,1
DA:40,1
DA:41,1
DA:42,2
DA:43,2
DA:44,2
DA:45,2
DA:46,2
DA:47,2
DA:48,2
DA:49,2
DA:50,2
DA:51,2
DA:52,2
DA:53,1
DA:54,1
DA:55,1
DA:56,1
DA:57,1
DA:58,1
DA:59,1
DA:60,1
DA:61,1
DA:62,1
DA:63,1
DA:64,1
DA:65,1
DA:66,1
DA:67,1
DA:68,1
DA:69,1
DA:70,1
DA:71,1
DA:72,1
DA:73,1
DA:74,1
DA:75,1
DA:76,1
DA:77,1
DA:78,1
DA:79,1
DA:80,1
DA:81,1
DA:82,1
DA:83,1
DA:84,1
DA:85,1
DA:86,1
DA:87,1
DA:88,1
DA:89,1
DA:90,1
DA:91,1
DA:92,1
DA:93,1
DA:94,1
DA:95,1
DA:96,1
DA:97,1
DA:98,1
DA:99,1
DA:100,1
DA:101,1
DA:102,1
DA:103,1
DA:104,1
DA:105,1
DA:106,1
DA:107,1
DA:108,1
DA:109,1
DA:110,1
DA:111,1
DA:112,1
DA:113,1
DA:114,1
DA:115,1
DA:116,1
DA:117,1
DA:118,1
DA:119,1
DA:120,1
DA:121,1
DA:122,25
DA:123,23
DA:124,23
DA:125,23
DA:126,23
DA:127,25
DA:128,1
DA:129,1
DA:130,1
DA:131,1
DA:132,1
DA:133,25
DA:134,23
DA:135,23
DA:136,23
DA:137,23
DA:138,25
DA:139,3
DA:140,3
DA:141,1
DA:142,1
DA:143,1
DA:144,1
DA:145,1
DA:146,1
DA:147,1
DA:148,1
DA:149,1
DA:150,1
DA:151,1
DA:152,1
DA:153,1
DA:154,1
DA:155,1
DA:156,1
DA:157,1
DA:158,1
DA:159,1
DA:160,25
DA:161,23
DA:162,23
DA:163,23
DA:164,25
DA:165,1
DA:166,1
DA:167,1
DA:168,1
DA:169,1
DA:170,25
DA:171,0
DA:172,0
DA:173,25
DA:174,25
DA:175,1
DA:176,1
DA:177,1
DA:178,1
DA:179,1
DA:180,1
DA:181,1
DA:182,1
DA:183,1
DA:184,1
LF:184
LH:180
BRDA:3,0,0,6
BRDA:4,1,0,6
BRDA:9,2,0,0
BRDA:22,3,0,3
BRDA:23,4,0,3
BRDA:24,5,0,0
BRDA:28,6,0,75
BRDA:29,7,0,3
BRDA:41,8,0,2
BRDA:42,9,0,2
BRDA:43,10,0,0
BRDA:47,11,0,50
BRDA:48,12,0,28
BRDA:64,13,0,1
BRDA:65,14,0,1
BRDA:66,15,0,0
BRDA:70,16,0,25
BRDA:70,17,0,0
BRDA:71,18,0,0
BRDA:86,19,0,1
BRDA:97,20,0,1
BRDA:98,21,0,1
BRDA:99,22,0,0
BRDA:118,23,0,1
BRDA:121,24,0,25
BRDA:122,25,0,5
BRDA:122,26,0,4
BRDA:122,27,0,23
BRDA:128,28,0,3
BRDA:132,29,0,25
BRDA:133,30,0,5
BRDA:133,31,0,1
BRDA:133,32,0,23
BRDA:138,33,0,3
BRDA:156,34,0,1
BRDA:159,35,0,25
BRDA:160,36,0,5
BRDA:160,37,0,5
BRDA:160,38,0,23
BRDA:165,39,0,3
BRDA:169,40,0,25
BRDA:170,41,0,5
BRDA:170,42,0,0
BRDA:175,43,0,1
BRDA:180,44,0,1
BRF:45
BRH:37
end_of_record
